2026-03-11 13:26:09,680 INFO root - Arquivo de log inicializado em relatorios_gerados\logs\movest_execucao_20260311_132609.log
2026-03-11 13:26:44,772 INFO root - 1) Lendo data inicial no Bancobase.T_MOVEST...
2026-03-11 13:26:45,108 INFO root - Data maxima em T_MOVEST.datadoc: 2025-05-13 13:18:37.030000
2026-03-11 13:26:45,109 INFO root - Data de corte: 2025-05-13 13:18:37.030000
2026-03-11 13:26:45,110 INFO root - 2) Preparando T_MOVEST no Bancoatual...
2026-03-11 13:26:45,822 INFO root - T_MOVEST existente renomeada para T_MOVEST_INV_20260311_132645.
2026-03-11 13:26:45,845 INFO root - Nova T_MOVEST criada a partir do Bancobase.
2026-03-11 13:26:45,846 INFO root - Filtro de processamento: todos os itens.
2026-03-11 13:26:45,847 INFO root - 3) Carregando saldos iniciais do Bancobase.t_saldoit...
2026-03-11 13:26:46,222 INFO root - 4) Extraindo movimentacoes do Bancoatual...
2026-03-11 13:26:46,222 INFO root - Iniciando extracao de movimentacoes: banco_atual=mdfort tabela_leitura=T_MOVEST_INV_20260311_132645 data_corte=2025-05-13 13:18:37.030000 codigo_item=None
2026-03-11 13:26:46,457 INFO src.transform - Extracao iniciada com tabela_inventario=T_MOVEST_INV_20260311_132645 tabela_resolvida=T_MOVEST_INV_20260311_132645 data_corte=2025-05-13 13:18:37.030000 codigo_item=None
2026-03-11 13:26:46,928 INFO src.transform - Colunas da tabela de leitura T_MOVEST_INV_20260311_132645: ['cdemp', 'cditem', 'clifor', 'codusu', 'compra', 'createdat', 'custo', 'data', 'datadoc', 'datalan', 'desconto', 'empfor', 'empitem', 'empmov', 'empven', 'especie', 'idsession', 'ip', 'isdeleted', 'nrlan', 'nrlanext', 'numdoc', 'numof', 'obs', 'obsit', 'preco', 'qtde', 'saldoant', 'seqit', 'sldantemp', 'st', 'updatedat', 'userrest', 'valor']
2026-03-11 13:26:46,929 INFO src.transform - Executando consulta vendas
2026-03-11 13:26:47,450 INFO src.transform - Consulta vendas retornou 546 linhas
2026-03-11 13:26:47,451 INFO src.transform - Executando consulta pdc
2026-03-11 13:26:47,686 INFO src.transform - Consulta pdc retornou 61 linhas
2026-03-11 13:26:47,687 INFO src.transform - Executando consulta transf
2026-03-11 13:26:47,922 INFO src.transform - Consulta transf retornou 0 linhas
2026-03-11 13:26:47,923 INFO src.transform - Executando consulta inventario
2026-03-11 13:26:48,172 INFO src.transform - Consulta inventario retornou 136 linhas
2026-03-11 13:26:48,173 INFO src.transform - Executando consulta avulsas
2026-03-11 13:26:48,465 INFO src.transform - Consulta avulsas retornou 0 linhas
2026-03-11 13:26:48,468 INFO src.transform - Extracao consolidada com 743 linhas
2026-03-11 13:26:48,475 INFO root - Registros encontrados: 743
2026-03-11 13:26:51,765 INFO root - Tabela temporaria de movimentos criada: T_MOVEST_TMP_MOVS_20260311_132648.
2026-03-11 13:26:51,765 INFO root - 5) Calculando saldoant e SldAntEmp...
2026-03-11 13:26:51,784 INFO root - 6) Gravando movimentacoes na tabela de destino...
2026-03-11 13:26:51,861 INFO root -    Preparando colunas para insercao...
2026-03-11 13:26:52,030 INFO root -    Inserindo 743 registros em T_MOVEST...
2026-03-11 13:26:53,145 INFO root -    Insercao em T_MOVEST concluida.
2026-03-11 13:26:53,146 INFO root -    Revisando clifor das entradas com base em t_itens.cdfor...
2026-03-11 13:26:54,262 INFO root -    Registros com clifor revisado: 6081
2026-03-11 13:26:54,343 INFO root - 7) Recriando indices, constraints, PK, FK e triggers na nova T_MOVEST...
2026-03-11 13:26:57,358 INFO root - Script SQL salvo em: scripts_gerados\replicar_objetos_T_MOVEST_INV_20260311_132645_para_T_MOVEST_20260311_132655.sql
2026-03-11 13:26:57,359 INFO root - 8) Atualizando t_saldoit com base no ultimo movimento de cada item/empresa...
2026-03-11 13:26:58,668 INFO root -    Registros atualizados em t_saldoit: 1
2026-03-11 13:26:58,746 INFO root - Concluido com sucesso.
2026-03-11 13:26:58,746 INFO root - Log salvo em: relatorios_gerados\logs\movest_execucao_20260311_132609.log
