2026-03-11 13:07:37,802 INFO root - Arquivo de log inicializado em relatorios_gerados\logs\movest_execucao_20260311_130737.log
2026-03-11 13:08:16,116 INFO root - 1) Lendo data inicial no Bancobase.T_MOVEST...
2026-03-11 13:08:16,439 INFO root - Data maxima em T_MOVEST.datadoc: 2025-05-13 13:18:37.030000
2026-03-11 13:08:16,440 INFO root - Data de corte: 2025-05-13 13:18:37.030000
2026-03-11 13:08:16,440 INFO root - 2) Preparando T_MOVEST no Bancoatual...
2026-03-11 13:08:17,226 INFO root - Tabela de trabalho criada: T_MOVEST_CARGA_20260311_130816.
2026-03-11 13:08:17,228 INFO root - A T_MOVEST atual sera preservada ate o fim da carga.
2026-03-11 13:08:17,229 INFO root - Filtro de processamento: todos os itens.
2026-03-11 13:08:17,229 INFO root - 3) Carregando saldos iniciais do Bancobase.t_saldoit...
2026-03-11 13:08:17,567 INFO root - 4) Extraindo movimentacoes do Bancoatual...
2026-03-11 13:08:17,567 INFO root - Iniciando extracao de movimentacoes: banco_atual=mdfort tabela_leitura=T_MOVEST data_corte=2025-05-13 13:18:37.030000 codigo_item=None
2026-03-11 13:08:17,827 INFO src.transform - Extracao iniciada com tabela_inventario=T_MOVEST tabela_resolvida=T_MOVEST data_corte=2025-05-13 13:18:37.030000 codigo_item=None
2026-03-11 13:08:18,294 INFO src.transform - Colunas da tabela de leitura T_MOVEST: ['cdemp', 'cditem', 'clifor', 'codusu', 'compra', 'createdat', 'custo', 'data', 'datadoc', 'datalan', 'desconto', 'empfor', 'empitem', 'empmov', 'empven', 'especie', 'idsession', 'ip', 'isdeleted', 'nrlan', 'nrlanext', 'numdoc', 'numof', 'obs', 'obsit', 'preco', 'qtde', 'saldoant', 'seqit', 'sldantemp', 'st', 'updatedat', 'userrest', 'valor']
2026-03-11 13:08:18,296 INFO src.transform - Executando consulta vendas
2026-03-11 13:08:18,837 INFO src.transform - Consulta vendas retornou 546 linhas
2026-03-11 13:08:18,837 INFO src.transform - Executando consulta pdc
2026-03-11 13:08:19,070 INFO src.transform - Consulta pdc retornou 61 linhas
2026-03-11 13:08:19,071 INFO src.transform - Executando consulta transf
2026-03-11 13:08:19,304 INFO src.transform - Consulta transf retornou 0 linhas
2026-03-11 13:08:19,305 INFO src.transform - Executando consulta inventario
2026-03-11 13:08:19,555 INFO src.transform - Consulta inventario retornou 136 linhas
2026-03-11 13:08:19,555 INFO src.transform - Executando consulta avulsas
2026-03-11 13:08:19,835 INFO src.transform - Consulta avulsas retornou 0 linhas
2026-03-11 13:08:19,841 INFO src.transform - Extracao consolidada com 743 linhas
2026-03-11 13:08:19,865 INFO root - Registros encontrados: 743
2026-03-11 13:08:19,866 INFO root - 5) Calculando saldoant e SldAntEmp...
2026-03-11 13:08:19,884 INFO root - 6) Gravando movimentacoes na tabela de destino...
2026-03-11 13:08:19,961 INFO root -    Preparando colunas para insercao...
2026-03-11 13:08:20,151 INFO root -    Inserindo 743 registros em T_MOVEST_CARGA_20260311_130816...
2026-03-11 13:08:21,533 INFO root -    Insercao em T_MOVEST_CARGA_20260311_130816 concluida.
2026-03-11 13:08:21,535 INFO root -    Revisando clifor das entradas com base em t_itens.cdfor...
2026-03-11 13:08:22,574 INFO root -    Registros com clifor revisado: 6081
2026-03-11 13:08:22,652 INFO root - 7) Promovendo a tabela carregada para dbo.T_MOVEST...
2026-03-11 13:08:23,186 INFO root -    T_MOVEST anterior preservada como T_MOVEST_INV_20260311_130822.
2026-03-11 13:08:23,186 INFO root - 8) Recriando indices, constraints, PK, FK e triggers na nova T_MOVEST...
2026-03-11 13:08:26,154 INFO root - Script SQL salvo em: scripts_gerados\replicar_objetos_T_MOVEST_INV_20260311_130822_para_T_MOVEST_20260311_130824.sql
2026-03-11 13:08:26,155 INFO root - 9) Atualizando t_saldoit com base no ultimo movimento de cada item/empresa...
2026-03-11 13:08:27,402 INFO root -    Registros atualizados em t_saldoit: 1
2026-03-11 13:08:27,480 INFO root - Concluido com sucesso.
2026-03-11 13:08:27,481 INFO root - Log salvo em: relatorios_gerados\logs\movest_execucao_20260311_130737.log
